⚠️  Skipped iNF517_c000 (There is no optimal solution for the chosen objective! (infeasible).)
⚠️  Skipped iMM904_c000 (There is no optimal solution for the chosen objective! (infeasible).)
⚠️  Skipped iNJ661_c000 (There is no optimal solution for the chosen objective! (infeasible).)
⚠️  Skipped iSB619_c000 (There is no optimal solution for the chosen objective! (infeasible).)
⚠️  Skipped iNF517_c000 (There is no optimal solution for the chosen objective! (infeasible).)
⚠️  Skipped iRC1080_c000 (There is no optimal solution for the chosen objective! (infeasible).)
⚠️  Skipped iYO844_c000 (There is no optimal solution for the chosen objective! (infeasible).)
⚠️  Skipped iLB1027_lipid_c000 (There is no optimal solution for the chosen objective! (infeasible).)
⚠️  Skipped iPC815_c002 (There is no optimal solution for the chosen objective! (infeasible).)
⚠️  Skipped iPC815_c012 (There is no optimal solution for the chosen objective! (infeasible).)
⚠️  Skipped iPC815_c016 (There is no optimal solution for the chosen objective! (infeasible).)
⚠️  Skipped iPC815_c019 (There is no optimal solution for the chosen objective! (infeasible).)
⚠️  Skipped iPC815_c025 (There is no optimal solution for the chosen objective! (infeasible).)
⚠️  Skipped iPC815_c031 (There is no optimal solution for the chosen objective! (infeasible).)
⚠️  Skipped iPC815_c034 (There is no optimal solution for the chosen objective! (infeasible).)
⚠️  Skipped iPC815_c038 (There is no optimal solution for the chosen objective! (infeasible).)
⚠️  Skipped iPC815_c041 (There is no optimal solution for the chosen objective! (infeasible).)
⚠️  Skipped iPC815_c046 (There is no optimal solution for the chosen objective! (infeasible).)
⚠️  Skipped iPC815_c047 (There is no optimal solution for the chosen objective! (infeasible).)
⚠️  Skipped iPC815_c048 (There is no optimal solution for the chosen objective! (infeasible).)
⚠️  Skipped iPC815_c049 (There is no optimal solution for the chosen objective! (infeasible).)
⚠️  Skipped iPC815_c050 (There is no optimal solution for the chosen objective! (infeasible).)
